<?xml version='1.0' encoding='UTF-8'?>
<testsuite hostname="leonardo-VivoBook-ASUSLaptop-X512JP-F512JP" name="devices.StandardDeviceTest" tests="7" errors="0" failures="0" skipped="0" time="0.441" timestamp="2025-08-15T16:39:19">
          <properties>
      <property name="java.specification.version" value="21"/><property name="sun.jnu.encoding" value="UTF-8"/><property name="sun.arch.data.model" value="64"/><property name="java.vendor.url" value="https://openjdk.org/"/><property name="sun.boot.library.path" value="/nix/store/fnshd55b29s6z88mfl3ilmdqfb7l3dqi-openjdk-21.0.7+6/lib/openjdk/lib"/><property name="sun.java.command" value="/nix/store/74vijn8nn4zhvk67jckk1fpa7pzhaf7n-sbt-1.11.4/share/sbt/bin/sbt-launch.jar test"/><property name="jdk.debug" value="release"/><property name="java.specification.vendor" value="Oracle Corporation"/><property name="java.version.date" value="2025-04-15"/><property name="java.home" value="/nix/store/fnshd55b29s6z88mfl3ilmdqfb7l3dqi-openjdk-21.0.7+6/lib/openjdk"/><property name="file.separator" value="/"/><property name="java.vm.compressedOopsMode" value="32-bit"/><property name="line.separator" value="
"/><property name="java.vm.specification.vendor" value="Oracle Corporation"/><property name="java.specification.name" value="Java Platform API Specification"/><property name="sun.management.compiler" value="HotSpot 64-Bit Tiered Compilers"/><property name="java.runtime.version" value="21.0.7+6-nixos"/><property name="user.name" value="leonardo"/><property name="log4j.ignoreTCL" value="true"/><property name="file.encoding" value="UTF-8"/><property name="jnidispatch.path" value="/home/leonardo/.cache/JNA/temp/jna12125330815547987980.tmp"/><property name="jna.loaded" value="true"/><property name="java.io.tmpdir" value="/tmp"/><property name="java.version" value="21.0.7"/><property name="java.vm.specification.name" value="Java Virtual Machine Specification"/><property name="native.encoding" value="UTF-8"/><property name="java.library.path" value="/usr/java/packages/lib:/usr/lib64:/lib64:/lib:/usr/lib"/><property name="stderr.encoding" value="UTF-8"/><property name="java.vendor" value="N/A"/><property name="scala.ext.dirs" value="/home/leonardo/.sbt/1.0/java9-rt-ext-n_a_21_0_7"/><property name="sun.io.unicode.encoding" value="UnicodeLittle"/><property name="java.class.path" value="/nix/store/74vijn8nn4zhvk67jckk1fpa7pzhaf7n-sbt-1.11.4/share/sbt/bin/sbt-launch.jar"/><property name="java.vm.vendor" value="Oracle Corporation"/><property name="jline.shutdownhook" value="false"/><property name="user.timezone" value="Europe/Rome"/><property name="java.vm.specification.version" value="21"/><property name="os.name" value="Linux"/><property name="sun.java.launcher" value="SUN_STANDARD"/><property name="user.country" value="US"/><property name="sun.cpu.endian" value="little"/><property name="user.home" value="/home/leonardo"/><property name="user.language" value="en"/><property name="sbt.script" value="/nix/store/74vijn8nn4zhvk67jckk1fpa7pzhaf7n-sbt-1.11.4/bin/sbt"/><property name="sbt.ipcsocket.tmpdir" value="/run/user/1000/.sbt7c4c6ad4/ipcsocket"/><property name="swoval.tmpdir" value="/run/user/1000/.sbt7c4c6ad4/swoval"/><property name="jline.esc.timeout" value="0"/><property name="stdout.encoding" value="UTF-8"/><property name="path.separator" value=":"/><property name="os.version" value="5.15.0-151-generic"/><property name="jna.nosys" value="true"/><property name="java.runtime.name" value="OpenJDK Runtime Environment"/><property name="java.vm.name" value="OpenJDK 64-Bit Server VM"/><property name="jna.platform.library.path" value="/usr/lib/x86_64-linux-gnu:/lib/x86_64-linux-gnu:/usr/lib64:/lib64:/usr/lib:/lib:/lib/i386-linux-gnu:/lib/i386-linux-gnu/sse2:/usr/lib/x86_64-linux-gnu/libfakeroot"/><property name="java.vendor.url.bug" value="https://bugreport.java.com/bugreport/"/><property name="user.dir" value="/home/leonardo/Uni/asmd/progetto/test_space/02"/><property name="os.arch" value="amd64"/><property name="java.vm.info" value="mixed mode, sharing"/><property name="java.vm.version" value="21.0.7+6-nixos"/><property name="java.class.version" value="65.0"/>
    </properties>
          <testcase classname="devices.StandardDeviceTest" name="testNonNullStrategy()" time="0.024">
                      
                    </testcase><testcase classname="devices.StandardDeviceTest" name="$ShowcaseMocks#testAttemptOn()" time="0.399">
                      
                    </testcase><testcase classname="devices.StandardDeviceTest" name="$ShowcaseSpies#testReset()" time="0.008">
                      
                    </testcase><testcase classname="devices.StandardDeviceTest" name="$ShowcaseFakes#testSwitchesOnAndOff()" time="0.004">
                      
                    </testcase><testcase classname="devices.StandardDeviceTest" name="$ShowcaseStubs#testWontSwitchOn()" time="0.004">
                      
                    </testcase><testcase classname="devices.StandardDeviceTest" name="$ShowcaseStubs#testCanBeSwitchedOn()" time="0.001">
                      
                    </testcase><testcase classname="devices.StandardDeviceTest" name="$ShowcaseDummies#testInitiallyOff()" time="0.001">
                      
                    </testcase>
          <system-out><![CDATA[]]></system-out>
          <system-err><![CDATA[]]></system-err>
        </testsuite>